# JRE version: OpenJDK Runtime Environment (11.0.15) (build 11.0.15+0-b2043.56-9505619)
# Java VM: OpenJDK 64-Bit Server VM (11.0.15+0-b2043.56-9505619, mixed mode, tiered, compressed oops, g1 gc, windows-amd64)
Heap:
 garbage-first heap   total 536576K, used 290050K [0x00000000a0000000, 0x0000000100000000)
  region size 1024K, 2 young (2048K), 2 survivors (2048K)
 Metaspace       used 140960K, capacity 145407K, committed 145544K, reserved 1175552K
  class space    used 17484K, capacity 19027K, committed 19072K, reserved 1048576K
GC Heap History (20 events):
Event: 125.140 GC heap after
{Heap after GC invocations=126 (full 0):
 garbage-first heap   total 225280K, used 167704K [0x00000000a0000000, 0x0000000100000000)
  region size 1024K, 1 young (1024K), 1 survivors (1024K)
 Metaspace       used 139537K, capacity 143756K, committed 144136K, reserved 1175552K
  class space    used 17372K, capacity 18824K, committed 18944K, reserved 1048576K
}
Event: 125.150 GC heap before
{Heap before GC invocations=126 (full 0):
 garbage-first heap   total 225280K, used 177944K [0x00000000a0000000, 0x0000000100000000)
  region size 1024K, 11 young (11264K), 1 survivors (1024K)
 Metaspace       used 139537K, capacity 143756K, committed 144136K, reserved 1175552K
  class space    used 17372K, capacity 18824K, committed 18944K, reserved 1048576K
}
Event: 125.153 GC heap after
{Heap after GC invocations=127 (full 0):
 garbage-first heap   total 225280K, used 166978K [0x00000000a0000000, 0x0000000100000000)
  region size 1024K, 1 young (1024K), 1 survivors (1024K)
 Metaspace       used 139537K, capacity 143756K, committed 144136K, reserved 1175552K
  class space    used 17372K, capacity 18824K, committed 18944K, reserved 1048576K
}
Event: 125.182 GC heap before
{Heap before GC invocations=127 (full 0):
 garbage-first heap   total 225280K, used 196674K [0x00000000a0000000, 0x0000000100000000)
  region size 1024K, 30 young (30720K), 1 survivors (1024K)
 Metaspace       used 139537K, capacity 143756K, committed 144136K, reserved 1175552K
  class space    used 17372K, capacity 18824K, committed 18944K, reserved 1048576K
}
Event: 125.184 GC heap after
{Heap after GC invocations=128 (full 0):
 garbage-first heap   total 225280K, used 167831K [0x00000000a0000000, 0x0000000100000000)
  region size 1024K, 2 young (2048K), 2 survivors (2048K)
 Metaspace       used 139537K, capacity 143756K, committed 144136K, reserved 1175552K
  class space    used 17372K, capacity 18824K, committed 18944K, reserved 1048576K
}
Event: 125.216 GC heap before
{Heap before GC invocations=128 (full 0):
 garbage-first heap   total 225280K, used 197527K [0x00000000a0000000, 0x0000000100000000)
  region size 1024K, 31 young (31744K), 2 survivors (2048K)
 Metaspace       used 139537K, capacity 143756K, committed 144136K, reserved 1175552K
  class space    used 17372K, capacity 18824K, committed 18944K, reserved 1048576K
}
Event: 125.218 GC heap after
{Heap after GC invocations=129 (full 0):
 garbage-first heap   total 225280K, used 168659K [0x00000000a0000000, 0x0000000100000000)
  region size 1024K, 3 young (3072K), 3 survivors (3072K)
 Metaspace       used 139537K, capacity 143756K, committed 144136K, reserved 1175552K
  class space    used 17372K, capacity 18824K, committed 18944K, reserved 1048576K
}
Event: 125.243 GC heap before
{Heap before GC invocations=129 (full 0):
 garbage-first heap   total 225280K, used 197331K [0x00000000a0000000, 0x0000000100000000)
  region size 1024K, 31 young (31744K), 3 survivors (3072K)
 Metaspace       used 139538K, capacity 143756K, committed 144136K, reserved 1175552K
  class space    used 17372K, capacity 18824K, committed 18944K, reserved 1048576K
}
Event: 125.247 GC heap after
{Heap after GC invocations=130 (full 0):
 garbage-first heap   total 225280K, used 169502K [0x00000000a0000000, 0x0000000100000000)
  region size 1024K, 3 young (3072K), 3 survivors (3072K)
 Metaspace       used 139538K, capacity 143756K, committed 144136K, reserved 1175552K
  class space    used 17372K, capacity 18824K, committed 18944K, reserved 1048576K
}
Event: 125.279 GC heap before
{Heap before GC invocations=130 (full 0):
 garbage-first heap   total 225280K, used 198174K [0x00000000a0000000, 0x0000000100000000)
  region size 1024K, 31 young (31744K), 3 survivors (3072K)
 Metaspace       used 139538K, capacity 143756K, committed 144136K, reserved 1175552K
  class space    used 17372K, capacity 18824K, committed 18944K, reserved 1048576K
}
Event: 125.281 GC heap after
{Heap after GC invocations=131 (full 0):
 garbage-first heap   total 225280K, used 170333K [0x00000000a0000000, 0x0000000100000000)
  region size 1024K, 3 young (3072K), 3 survivors (3072K)
 Metaspace       used 139538K, capacity 143756K, committed 144136K, reserved 1175552K
  class space    used 17372K, capacity 18824K, committed 18944K, reserved 1048576K
}
Event: 125.329 GC heap before
{Heap before GC invocations=131 (full 0):
 garbage-first heap   total 225280K, used 197981K [0x00000000a0000000, 0x0000000100000000)
  region size 1024K, 30 young (30720K), 3 survivors (3072K)
 Metaspace       used 139538K, capacity 143756K, committed 144136K, reserved 1175552K
  class space    used 17372K, capacity 18824K, committed 18944K, reserved 1048576K
}
Event: 125.333 GC heap after
{Heap after GC invocations=132 (full 0):
 garbage-first heap   total 336896K, used 171276K [0x00000000a0000000, 0x0000000100000000)
  region size 1024K, 3 young (3072K), 3 survivors (3072K)
 Metaspace       used 139538K, capacity 143756K, committed 144136K, reserved 1175552K
  class space    used 17372K, capacity 18824K, committed 18944K, reserved 1048576K
}
Event: 126.210 GC heap before
{Heap before GC invocations=133 (full 0):
 garbage-first heap   total 336896K, used 242956K [0x00000000a0000000, 0x0000000100000000)
  region size 1024K, 72 young (73728K), 3 survivors (3072K)
 Metaspace       used 139664K, capacity 143922K, committed 144136K, reserved 1175552K
  class space    used 17375K, capacity 18856K, committed 18944K, reserved 1048576K
}
Event: 126.222 GC heap after
{Heap after GC invocations=134 (full 0):
 garbage-first heap   total 336896K, used 182496K [0x00000000a0000000, 0x0000000100000000)
  region size 1024K, 9 young (9216K), 9 survivors (9216K)
 Metaspace       used 139664K, capacity 143922K, committed 144136K, reserved 1175552K
  class space    used 17375K, capacity 18856K, committed 18944K, reserved 1048576K
}
Event: 127.061 GC heap before
{Heap before GC invocations=134 (full 0):
 garbage-first heap   total 336896K, used 251104K [0x00000000a0000000, 0x0000000100000000)
  region size 1024K, 75 young (76800K), 9 survivors (9216K)
 Metaspace       used 140339K, capacity 144688K, committed 144904K, reserved 1175552K
  class space    used 17403K, capacity 18869K, committed 18944K, reserved 1048576K
}
Event: 127.088 GC heap after
{Heap after GC invocations=135 (full 0):
 garbage-first heap   total 336896K, used 190100K [0x00000000a0000000, 0x0000000100000000)
  region size 1024K, 7 young (7168K), 7 survivors (7168K)
 Metaspace       used 140339K, capacity 144688K, committed 144904K, reserved 1175552K
  class space    used 17403K, capacity 18869K, committed 18944K, reserved 1048576K
}
Event: 127.148 GC heap before
{Heap before GC invocations=135 (full 0):
 garbage-first heap   total 336896K, used 195220K [0x00000000a0000000, 0x0000000100000000)
  region size 1024K, 13 young (13312K), 7 survivors (7168K)
 Metaspace       used 140456K, capacity 144835K, committed 144904K, reserved 1175552K
  class space    used 17417K, capacity 18910K, committed 18944K, reserved 1048576K
}
Event: 127.160 GC heap after
{Heap after GC invocations=136 (full 0):
 garbage-first heap   total 336896K, used 188973K [0x00000000a0000000, 0x0000000100000000)
  region size 1024K, 2 young (2048K), 2 survivors (2048K)
 Metaspace       used 140456K, capacity 144835K, committed 144904K, reserved 1175552K
  class space    used 17417K, capacity 18910K, committed 18944K, reserved 1048576K
}
Event: 128.138 GC heap before
{Heap before GC invocations=137 (full 0):
 garbage-first heap   total 336896K, used 334381K [0x00000000a0000000, 0x0000000100000000)
  region size 1024K, 41 young (41984K), 2 survivors (2048K)
 Metaspace       used 140960K, capacity 145407K, committed 145544K, reserved 1175552K
  class space    used 17484K, capacity 19027K, committed 19072K, reserved 1048576K
}

